<?xml version="1.0" encoding="UTF-8"?>
<testsuite xmlns:xsi="http://www.w3.org/2001/XMLSchema-instance" xsi:noNamespaceSchemaLocation="https://maven.apache.org/surefire/maven-surefire-plugin/xsd/surefire-test-report-3.0.xsd" version="3.0" name="de.ssherlock.system_tests.ui.facelets.TestateUITest" time="0.0" tests="4" errors="0" skipped="4" failures="0">
  <properties>
    <property name="java.specification.version" value="21"/>
    <property name="sun.jnu.encoding" value="UTF-8"/>
    <property name="java.class.path" value="/Users/harounalswedany/SEP24/software-sherlock/target/test-classes:/Users/harounalswedany/SEP24/software-sherlock/target/classes:/Users/harounalswedany/.m2/repository/org/glassfish/jakarta.faces/4.0.0/jakarta.faces-4.0.0.jar:/Users/harounalswedany/.m2/repository/jakarta/annotation/jakarta.annotation-api/2.1.0/jakarta.annotation-api-2.1.0.jar:/Users/harounalswedany/.m2/repository/org/jboss/weld/servlet/weld-servlet-shaded/5.1.2.Final/weld-servlet-shaded-5.1.2.Final.jar:/Users/harounalswedany/.m2/repository/org/junit/jupiter/junit-jupiter/5.10.1/junit-jupiter-5.10.1.jar:/Users/harounalswedany/.m2/repository/org/junit/jupiter/junit-jupiter-params/5.10.1/junit-jupiter-params-5.10.1.jar:/Users/harounalswedany/.m2/repository/org/junit/jupiter/junit-jupiter-api/5.10.1/junit-jupiter-api-5.10.1.jar:/Users/harounalswedany/.m2/repository/org/opentest4j/opentest4j/1.3.0/opentest4j-1.3.0.jar:/Users/harounalswedany/.m2/repository/org/junit/platform/junit-platform-commons/1.10.1/junit-platform-commons-1.10.1.jar:/Users/harounalswedany/.m2/repository/org/apiguardian/apiguardian-api/1.1.2/apiguardian-api-1.1.2.jar:/Users/harounalswedany/.m2/repository/org/junit/jupiter/junit-jupiter-engine/5.10.1/junit-jupiter-engine-5.10.1.jar:/Users/harounalswedany/.m2/repository/org/junit/platform/junit-platform-engine/1.10.1/junit-platform-engine-1.10.1.jar:/Users/harounalswedany/.m2/repository/org/junit/platform/junit-platform-suite-engine/1.10.1/junit-platform-suite-engine-1.10.1.jar:/Users/harounalswedany/.m2/repository/org/junit/platform/junit-platform-suite-api/1.10.1/junit-platform-suite-api-1.10.1.jar:/Users/harounalswedany/.m2/repository/org/junit/platform/junit-platform-suite-commons/1.10.1/junit-platform-suite-commons-1.10.1.jar:/Users/harounalswedany/.m2/repository/org/junit/platform/junit-platform-launcher/1.10.1/junit-platform-launcher-1.10.1.jar:/Users/harounalswedany/.m2/repository/org/jboss/weld/weld-core-impl/5.1.2.Final/weld-core-impl-5.1.2.Final.jar:/Users/harounalswedany/.m2/repository/org/jboss/weld/weld-api/5.0.SP3/weld-api-5.0.SP3.jar:/Users/harounalswedany/.m2/repository/jakarta/enterprise/jakarta.enterprise.cdi-api/4.0.1/jakarta.enterprise.cdi-api-4.0.1.jar:/Users/harounalswedany/.m2/repository/jakarta/enterprise/jakarta.enterprise.lang-model/4.0.1/jakarta.enterprise.lang-model-4.0.1.jar:/Users/harounalswedany/.m2/repository/jakarta/inject/jakarta.inject-api/2.0.1/jakarta.inject-api-2.0.1.jar:/Users/harounalswedany/.m2/repository/org/jboss/weld/weld-spi/5.0.SP3/weld-spi-5.0.SP3.jar:/Users/harounalswedany/.m2/repository/org/jboss/classfilewriter/jboss-classfilewriter/1.3.0.Final/jboss-classfilewriter-1.3.0.Final.jar:/Users/harounalswedany/.m2/repository/jakarta/el/jakarta.el-api/5.0.1/jakarta.el-api-5.0.1.jar:/Users/harounalswedany/.m2/repository/jakarta/interceptor/jakarta.interceptor-api/2.1.0/jakarta.interceptor-api-2.1.0.jar:/Users/harounalswedany/.m2/repository/org/jboss/logging/jboss-logging/3.5.0.Final/jboss-logging-3.5.0.Final.jar:/Users/harounalswedany/.m2/repository/org/seleniumhq/selenium/selenium-java/4.15.0/selenium-java-4.15.0.jar:/Users/harounalswedany/.m2/repository/org/seleniumhq/selenium/selenium-api/4.15.0/selenium-api-4.15.0.jar:/Users/harounalswedany/.m2/repository/org/seleniumhq/selenium/selenium-chrome-driver/4.15.0/selenium-chrome-driver-4.15.0.jar:/Users/harounalswedany/.m2/repository/com/google/auto/service/auto-service-annotations/1.1.1/auto-service-annotations-1.1.1.jar:/Users/harounalswedany/.m2/repository/org/seleniumhq/selenium/selenium-chromium-driver/4.15.0/selenium-chromium-driver-4.15.0.jar:/Users/harounalswedany/.m2/repository/org/seleniumhq/selenium/selenium-json/4.15.0/selenium-json-4.15.0.jar:/Users/harounalswedany/.m2/repository/org/seleniumhq/selenium/selenium-manager/4.15.0/selenium-manager-4.15.0.jar:/Users/harounalswedany/.m2/repository/org/seleniumhq/selenium/selenium-devtools-v117/4.15.0/selenium-devtools-v117-4.15.0.jar:/Users/harounalswedany/.m2/repository/org/seleniumhq/selenium/selenium-devtools-v118/4.15.0/selenium-devtools-v118-4.15.0.jar:/Users/harounalswedany/.m2/repository/org/seleniumhq/selenium/selenium-devtools-v119/4.15.0/selenium-devtools-v119-4.15.0.jar:/Users/harounalswedany/.m2/repository/org/seleniumhq/selenium/selenium-devtools-v85/4.15.0/selenium-devtools-v85-4.15.0.jar:/Users/harounalswedany/.m2/repository/org/seleniumhq/selenium/selenium-edge-driver/4.15.0/selenium-edge-driver-4.15.0.jar:/Users/harounalswedany/.m2/repository/org/seleniumhq/selenium/selenium-firefox-driver/4.15.0/selenium-firefox-driver-4.15.0.jar:/Users/harounalswedany/.m2/repository/org/seleniumhq/selenium/selenium-http/4.15.0/selenium-http-4.15.0.jar:/Users/harounalswedany/.m2/repository/dev/failsafe/failsafe/3.3.2/failsafe-3.3.2.jar:/Users/harounalswedany/.m2/repository/org/seleniumhq/selenium/selenium-ie-driver/4.15.0/selenium-ie-driver-4.15.0.jar:/Users/harounalswedany/.m2/repository/org/seleniumhq/selenium/selenium-remote-driver/4.15.0/selenium-remote-driver-4.15.0.jar:/Users/harounalswedany/.m2/repository/io/opentelemetry/opentelemetry-api/1.28.0/opentelemetry-api-1.28.0.jar:/Users/harounalswedany/.m2/repository/io/opentelemetry/opentelemetry-context/1.28.0/opentelemetry-context-1.28.0.jar:/Users/harounalswedany/.m2/repository/io/opentelemetry/opentelemetry-exporter-logging/1.28.0/opentelemetry-exporter-logging-1.28.0.jar:/Users/harounalswedany/.m2/repository/io/opentelemetry/opentelemetry-sdk-metrics/1.28.0/opentelemetry-sdk-metrics-1.28.0.jar:/Users/harounalswedany/.m2/repository/io/opentelemetry/opentelemetry-extension-incubator/1.28.0-alpha/opentelemetry-extension-incubator-1.28.0-alpha.jar:/Users/harounalswedany/.m2/repository/io/opentelemetry/opentelemetry-sdk-logs/1.28.0/opentelemetry-sdk-logs-1.28.0.jar:/Users/harounalswedany/.m2/repository/io/opentelemetry/opentelemetry-sdk-common/1.28.0/opentelemetry-sdk-common-1.28.0.jar:/Users/harounalswedany/.m2/repository/io/opentelemetry/opentelemetry-sdk-extension-autoconfigure-spi/1.28.0/opentelemetry-sdk-extension-autoconfigure-spi-1.28.0.jar:/Users/harounalswedany/.m2/repository/io/opentelemetry/opentelemetry-sdk-extension-autoconfigure/1.28.0/opentelemetry-sdk-extension-autoconfigure-1.28.0.jar:/Users/harounalswedany/.m2/repository/io/opentelemetry/opentelemetry-api-events/1.28.0-alpha/opentelemetry-api-events-1.28.0-alpha.jar:/Users/harounalswedany/.m2/repository/io/opentelemetry/opentelemetry-sdk-trace/1.28.0/opentelemetry-sdk-trace-1.28.0.jar:/Users/harounalswedany/.m2/repository/io/opentelemetry/opentelemetry-sdk/1.28.0/opentelemetry-sdk-1.28.0.jar:/Users/harounalswedany/.m2/repository/io/opentelemetry/opentelemetry-semconv/1.28.0-alpha/opentelemetry-semconv-1.28.0-alpha.jar:/Users/harounalswedany/.m2/repository/net/bytebuddy/byte-buddy/1.14.5/byte-buddy-1.14.5.jar:/Users/harounalswedany/.m2/repository/org/seleniumhq/selenium/selenium-os/4.15.0/selenium-os-4.15.0.jar:/Users/harounalswedany/.m2/repository/org/apache/commons/commons-exec/1.3/commons-exec-1.3.jar:/Users/harounalswedany/.m2/repository/org/seleniumhq/selenium/selenium-safari-driver/4.15.0/selenium-safari-driver-4.15.0.jar:/Users/harounalswedany/.m2/repository/org/seleniumhq/selenium/selenium-support/4.15.0/selenium-support-4.15.0.jar:/Users/harounalswedany/.m2/repository/com/google/guava/guava/32.1.3-jre/guava-32.1.3-jre.jar:/Users/harounalswedany/.m2/repository/com/google/guava/failureaccess/1.0.1/failureaccess-1.0.1.jar:/Users/harounalswedany/.m2/repository/com/google/guava/listenablefuture/9999.0-empty-to-avoid-conflict-with-guava/listenablefuture-9999.0-empty-to-avoid-conflict-with-guava.jar:/Users/harounalswedany/.m2/repository/com/google/code/findbugs/jsr305/3.0.2/jsr305-3.0.2.jar:/Users/harounalswedany/.m2/repository/org/checkerframework/checker-qual/3.37.0/checker-qual-3.37.0.jar:/Users/harounalswedany/.m2/repository/com/google/errorprone/error_prone_annotations/2.21.1/error_prone_annotations-2.21.1.jar:/Users/harounalswedany/.m2/repository/com/google/j2objc/j2objc-annotations/2.8/j2objc-annotations-2.8.jar:/Users/harounalswedany/.m2/repository/org/postgresql/postgresql/42.6.0/postgresql-42.6.0.jar:/Users/harounalswedany/.m2/repository/io/zonky/test/embedded-postgres/2.0.5/embedded-postgres-2.0.5.jar:/Users/harounalswedany/.m2/repository/io/zonky/test/postgres/embedded-postgres-binaries-windows-amd64/16.1.1/embedded-postgres-binaries-windows-amd64-16.1.1.jar:/Users/harounalswedany/.m2/repository/io/zonky/test/postgres/embedded-postgres-binaries-darwin-amd64/16.1.1/embedded-postgres-binaries-darwin-amd64-16.1.1.jar:/Users/harounalswedany/.m2/repository/io/zonky/test/postgres/embedded-postgres-binaries-linux-amd64/16.1.1/embedded-postgres-binaries-linux-amd64-16.1.1.jar:/Users/harounalswedany/.m2/repository/io/zonky/test/postgres/embedded-postgres-binaries-linux-amd64-alpine/16.1.1/embedded-postgres-binaries-linux-amd64-alpine-16.1.1.jar:/Users/harounalswedany/.m2/repository/org/slf4j/slf4j-api/1.7.36/slf4j-api-1.7.36.jar:/Users/harounalswedany/.m2/repository/org/apache/commons/commons-lang3/3.12.0/commons-lang3-3.12.0.jar:/Users/harounalswedany/.m2/repository/org/apache/commons/commons-compress/1.21/commons-compress-1.21.jar:/Users/harounalswedany/.m2/repository/org/tukaani/xz/1.9/xz-1.9.jar:/Users/harounalswedany/.m2/repository/commons-codec/commons-codec/1.15/commons-codec-1.15.jar:/Users/harounalswedany/.m2/repository/org/mockito/mockito-junit-jupiter/5.8.0/mockito-junit-jupiter-5.8.0.jar:/Users/harounalswedany/.m2/repository/org/mockito/mockito-core/5.8.0/mockito-core-5.8.0.jar:/Users/harounalswedany/.m2/repository/net/bytebuddy/byte-buddy-agent/1.14.10/byte-buddy-agent-1.14.10.jar:/Users/harounalswedany/.m2/repository/org/objenesis/objenesis/3.3/objenesis-3.3.jar:/Users/harounalswedany/.m2/repository/org/codehaus/cargo/cargo-core-container-tomcat/1.10.11/cargo-core-container-tomcat-1.10.11.jar:/Users/harounalswedany/.m2/repository/org/codehaus/cargo/cargo-core-api-generic/1.10.11/cargo-core-api-generic-1.10.11.jar:/Users/harounalswedany/.m2/repository/commons-discovery/commons-discovery/0.5/commons-discovery-0.5.jar:/Users/harounalswedany/.m2/repository/commons-logging/commons-logging/1.1.1/commons-logging-1.1.1.jar:/Users/harounalswedany/.m2/repository/org/codehaus/cargo/cargo-core-api-container/1.10.11/cargo-core-api-container-1.10.11.jar:/Users/harounalswedany/.m2/repository/net/java/dev/jna/jna-platform/5.13.0/jna-platform-5.13.0.jar:/Users/harounalswedany/.m2/repository/org/codehaus/cargo/cargo-core-api-module/1.10.11/cargo-core-api-module-1.10.11.jar:/Users/harounalswedany/.m2/repository/jaxen/jaxen/2.0.0/jaxen-2.0.0.jar:/Users/harounalswedany/.m2/repository/org/jdom/jdom2/2.0.6.1/jdom2-2.0.6.1.jar:/Users/harounalswedany/.m2/repository/org/codehaus/cargo/cargo-core-api-util/1.10.11/cargo-core-api-util-1.10.11.jar:/Users/harounalswedany/.m2/repository/org/codehaus/cargo/cargo-licensed-dtds/1.10.11/cargo-licensed-dtds-1.10.11.jar:/Users/harounalswedany/.m2/repository/org/apache/geronimo/specs/geronimo-j2ee-deployment_1.1_spec/1.1/geronimo-j2ee-deployment_1.1_spec-1.1.jar:/Users/harounalswedany/.m2/repository/org/webjars/bootstrap/5.3.2/bootstrap-5.3.2.jar:/Users/harounalswedany/.m2/repository/com/sun/mail/jakarta.mail/2.0.1/jakarta.mail-2.0.1.jar:/Users/harounalswedany/.m2/repository/com/sun/activation/jakarta.activation/2.0.1/jakarta.activation-2.0.1.jar:/Users/harounalswedany/.m2/repository/io/github/bonigarcia/webdrivermanager/5.6.2/webdrivermanager-5.6.2.jar:/Users/harounalswedany/.m2/repository/com/google/code/gson/gson/2.10.1/gson-2.10.1.jar:/Users/harounalswedany/.m2/repository/com/github/docker-java/docker-java/3.3.4/docker-java-3.3.4.jar:/Users/harounalswedany/.m2/repository/com/github/docker-java/docker-java-core/3.3.4/docker-java-core-3.3.4.jar:/Users/harounalswedany/.m2/repository/com/github/docker-java/docker-java-api/3.3.4/docker-java-api-3.3.4.jar:/Users/harounalswedany/.m2/repository/org/bouncycastle/bcpkix-jdk18on/1.76/bcpkix-jdk18on-1.76.jar:/Users/harounalswedany/.m2/repository/org/bouncycastle/bcprov-jdk18on/1.76/bcprov-jdk18on-1.76.jar:/Users/harounalswedany/.m2/repository/org/bouncycastle/bcutil-jdk18on/1.76/bcutil-jdk18on-1.76.jar:/Users/harounalswedany/.m2/repository/org/slf4j/jcl-over-slf4j/1.7.30/jcl-over-slf4j-1.7.30.jar:/Users/harounalswedany/.m2/repository/com/github/docker-java/docker-java-transport-httpclient5/3.3.4/docker-java-transport-httpclient5-3.3.4.jar:/Users/harounalswedany/.m2/repository/com/github/docker-java/docker-java-transport/3.3.4/docker-java-transport-3.3.4.jar:/Users/harounalswedany/.m2/repository/net/java/dev/jna/jna/5.13.0/jna-5.13.0.jar:/Users/harounalswedany/.m2/repository/org/brotli/dec/0.1.2/dec-0.1.2.jar:/Users/harounalswedany/.m2/repository/org/apache/httpcomponents/client5/httpclient5/5.2.1/httpclient5-5.2.1.jar:/Users/harounalswedany/.m2/repository/org/apache/httpcomponents/core5/httpcore5/5.2/httpcore5-5.2.jar:/Users/harounalswedany/.m2/repository/org/apache/httpcomponents/core5/httpcore5-h2/5.2/httpcore5-h2-5.2.jar:/Users/harounalswedany/.m2/repository/com/github/spotbugs/spotbugs-annotations/4.8.2/spotbugs-annotations-4.8.2.jar:/Users/harounalswedany/.m2/repository/org/jsoup/jsoup/1.17.1/jsoup-1.17.1.jar:/Users/harounalswedany/.m2/repository/org/webjars/jquery/3.7.1/jquery-3.7.1.jar:/Users/harounalswedany/.m2/repository/org/webjars/popper.js/1.12.9-1/popper.js-1.12.9-1.jar:/Users/harounalswedany/.m2/repository/org/webjars/font-awesome/6.5.1/font-awesome-6.5.1.jar:/Users/harounalswedany/.m2/repository/org/jsmart/zerocode-tdd-jupiter/1.3.35/zerocode-tdd-jupiter-1.3.35.jar:/Users/harounalswedany/.m2/repository/org/jsmart/zerocode-tdd/1.3.35/zerocode-tdd-1.3.35.jar:/Users/harounalswedany/.m2/repository/com/fasterxml/jackson/dataformat/jackson-dataformat-yaml/2.9.8/jackson-dataformat-yaml-2.9.8.jar:/Users/harounalswedany/.m2/repository/org/yaml/snakeyaml/1.23/snakeyaml-1.23.jar:/Users/harounalswedany/.m2/repository/com/univocity/univocity-parsers/2.8.2/univocity-parsers-2.8.2.jar:/Users/harounalswedany/.m2/repository/com/fasterxml/jackson/dataformat/jackson-dataformat-csv/2.9.8/jackson-dataformat-csv-2.9.8.jar:/Users/harounalswedany/.m2/repository/ch/qos/logback/logback-classic/1.0.7/logback-classic-1.0.7.jar:/Users/harounalswedany/.m2/repository/ch/qos/logback/logback-core/1.0.7/logback-core-1.0.7.jar:/Users/harounalswedany/.m2/repository/commons-lang/commons-lang/2.6/commons-lang-2.6.jar:/Users/harounalswedany/.m2/repository/com/google/inject/guice/4.0/guice-4.0.jar:/Users/harounalswedany/.m2/repository/javax/inject/javax.inject/1/javax.inject-1.jar:/Users/harounalswedany/.m2/repository/aopalliance/aopalliance/1.0/aopalliance-1.0.jar:/Users/harounalswedany/.m2/repository/com/fasterxml/jackson/core/jackson-annotations/2.10.0/jackson-annotations-2.10.0.jar:/Users/harounalswedany/.m2/repository/com/fasterxml/jackson/core/jackson-core/2.10.0/jackson-core-2.10.0.jar:/Users/harounalswedany/.m2/repository/com/fasterxml/jackson/core/jackson-databind/2.10.0/jackson-databind-2.10.0.jar:/Users/harounalswedany/.m2/repository/com/google/protobuf/protobuf-java/3.13.0/protobuf-java-3.13.0.jar:/Users/harounalswedany/.m2/repository/com/google/protobuf/protobuf-java-util/3.13.0/protobuf-java-util-3.13.0.jar:/Users/harounalswedany/.m2/repository/org/junit/vintage/junit-vintage-engine/5.10.1/junit-vintage-engine-5.10.1.jar:/Users/harounalswedany/.m2/repository/junit/junit/4.13.2/junit-4.13.2.jar:/Users/harounalswedany/.m2/repository/org/hamcrest/hamcrest-core/1.3/hamcrest-core-1.3.jar:/Users/harounalswedany/.m2/repository/org/junit/platform/junit-platform-runner/1.10.1/junit-platform-runner-1.10.1.jar:/Users/harounalswedany/.m2/repository/commons-io/commons-io/2.15.1/commons-io-2.15.1.jar:"/>
    <property name="java.vm.vendor" value="Oracle Corporation"/>
    <property name="sun.arch.data.model" value="64"/>
    <property name="java.vendor.url" value="https://java.oracle.com/"/>
    <property name="user.timezone" value="Europe/Vienna"/>
    <property name="os.name" value="Mac OS X"/>
    <property name="java.vm.specification.version" value="21"/>
    <property name="sun.java.launcher" value="SUN_STANDARD"/>
    <property name="user.country" value="DE"/>
    <property name="sun.boot.library.path" value="/Users/harounalswedany/Library/Java/JavaVirtualMachines/openjdk-21.0.1/Contents/Home/lib"/>
    <property name="sun.java.command" value="/Users/harounalswedany/SEP24/software-sherlock/target/surefire/surefirebooter-20240125192411553_3.jar /Users/harounalswedany/SEP24/software-sherlock/target/surefire 2024-01-25T19-24-11_515-jvmRun1 surefire-20240125192411553_1tmp surefire_0-20240125192411553_2tmp"/>
    <property name="jdk.debug" value="release"/>
    <property name="surefire.test.class.path" value="/Users/harounalswedany/SEP24/software-sherlock/target/test-classes:/Users/harounalswedany/SEP24/software-sherlock/target/classes:/Users/harounalswedany/.m2/repository/org/glassfish/jakarta.faces/4.0.0/jakarta.faces-4.0.0.jar:/Users/harounalswedany/.m2/repository/jakarta/annotation/jakarta.annotation-api/2.1.0/jakarta.annotation-api-2.1.0.jar:/Users/harounalswedany/.m2/repository/org/jboss/weld/servlet/weld-servlet-shaded/5.1.2.Final/weld-servlet-shaded-5.1.2.Final.jar:/Users/harounalswedany/.m2/repository/org/junit/jupiter/junit-jupiter/5.10.1/junit-jupiter-5.10.1.jar:/Users/harounalswedany/.m2/repository/org/junit/jupiter/junit-jupiter-params/5.10.1/junit-jupiter-params-5.10.1.jar:/Users/harounalswedany/.m2/repository/org/junit/jupiter/junit-jupiter-api/5.10.1/junit-jupiter-api-5.10.1.jar:/Users/harounalswedany/.m2/repository/org/opentest4j/opentest4j/1.3.0/opentest4j-1.3.0.jar:/Users/harounalswedany/.m2/repository/org/junit/platform/junit-platform-commons/1.10.1/junit-platform-commons-1.10.1.jar:/Users/harounalswedany/.m2/repository/org/apiguardian/apiguardian-api/1.1.2/apiguardian-api-1.1.2.jar:/Users/harounalswedany/.m2/repository/org/junit/jupiter/junit-jupiter-engine/5.10.1/junit-jupiter-engine-5.10.1.jar:/Users/harounalswedany/.m2/repository/org/junit/platform/junit-platform-engine/1.10.1/junit-platform-engine-1.10.1.jar:/Users/harounalswedany/.m2/repository/org/junit/platform/junit-platform-suite-engine/1.10.1/junit-platform-suite-engine-1.10.1.jar:/Users/harounalswedany/.m2/repository/org/junit/platform/junit-platform-suite-api/1.10.1/junit-platform-suite-api-1.10.1.jar:/Users/harounalswedany/.m2/repository/org/junit/platform/junit-platform-suite-commons/1.10.1/junit-platform-suite-commons-1.10.1.jar:/Users/harounalswedany/.m2/repository/org/junit/platform/junit-platform-launcher/1.10.1/junit-platform-launcher-1.10.1.jar:/Users/harounalswedany/.m2/repository/org/jboss/weld/weld-core-impl/5.1.2.Final/weld-core-impl-5.1.2.Final.jar:/Users/harounalswedany/.m2/repository/org/jboss/weld/weld-api/5.0.SP3/weld-api-5.0.SP3.jar:/Users/harounalswedany/.m2/repository/jakarta/enterprise/jakarta.enterprise.cdi-api/4.0.1/jakarta.enterprise.cdi-api-4.0.1.jar:/Users/harounalswedany/.m2/repository/jakarta/enterprise/jakarta.enterprise.lang-model/4.0.1/jakarta.enterprise.lang-model-4.0.1.jar:/Users/harounalswedany/.m2/repository/jakarta/inject/jakarta.inject-api/2.0.1/jakarta.inject-api-2.0.1.jar:/Users/harounalswedany/.m2/repository/org/jboss/weld/weld-spi/5.0.SP3/weld-spi-5.0.SP3.jar:/Users/harounalswedany/.m2/repository/org/jboss/classfilewriter/jboss-classfilewriter/1.3.0.Final/jboss-classfilewriter-1.3.0.Final.jar:/Users/harounalswedany/.m2/repository/jakarta/el/jakarta.el-api/5.0.1/jakarta.el-api-5.0.1.jar:/Users/harounalswedany/.m2/repository/jakarta/interceptor/jakarta.interceptor-api/2.1.0/jakarta.interceptor-api-2.1.0.jar:/Users/harounalswedany/.m2/repository/org/jboss/logging/jboss-logging/3.5.0.Final/jboss-logging-3.5.0.Final.jar:/Users/harounalswedany/.m2/repository/org/seleniumhq/selenium/selenium-java/4.15.0/selenium-java-4.15.0.jar:/Users/harounalswedany/.m2/repository/org/seleniumhq/selenium/selenium-api/4.15.0/selenium-api-4.15.0.jar:/Users/harounalswedany/.m2/repository/org/seleniumhq/selenium/selenium-chrome-driver/4.15.0/selenium-chrome-driver-4.15.0.jar:/Users/harounalswedany/.m2/repository/com/google/auto/service/auto-service-annotations/1.1.1/auto-service-annotations-1.1.1.jar:/Users/harounalswedany/.m2/repository/org/seleniumhq/selenium/selenium-chromium-driver/4.15.0/selenium-chromium-driver-4.15.0.jar:/Users/harounalswedany/.m2/repository/org/seleniumhq/selenium/selenium-json/4.15.0/selenium-json-4.15.0.jar:/Users/harounalswedany/.m2/repository/org/seleniumhq/selenium/selenium-manager/4.15.0/selenium-manager-4.15.0.jar:/Users/harounalswedany/.m2/repository/org/seleniumhq/selenium/selenium-devtools-v117/4.15.0/selenium-devtools-v117-4.15.0.jar:/Users/harounalswedany/.m2/repository/org/seleniumhq/selenium/selenium-devtools-v118/4.15.0/selenium-devtools-v118-4.15.0.jar:/Users/harounalswedany/.m2/repository/org/seleniumhq/selenium/selenium-devtools-v119/4.15.0/selenium-devtools-v119-4.15.0.jar:/Users/harounalswedany/.m2/repository/org/seleniumhq/selenium/selenium-devtools-v85/4.15.0/selenium-devtools-v85-4.15.0.jar:/Users/harounalswedany/.m2/repository/org/seleniumhq/selenium/selenium-edge-driver/4.15.0/selenium-edge-driver-4.15.0.jar:/Users/harounalswedany/.m2/repository/org/seleniumhq/selenium/selenium-firefox-driver/4.15.0/selenium-firefox-driver-4.15.0.jar:/Users/harounalswedany/.m2/repository/org/seleniumhq/selenium/selenium-http/4.15.0/selenium-http-4.15.0.jar:/Users/harounalswedany/.m2/repository/dev/failsafe/failsafe/3.3.2/failsafe-3.3.2.jar:/Users/harounalswedany/.m2/repository/org/seleniumhq/selenium/selenium-ie-driver/4.15.0/selenium-ie-driver-4.15.0.jar:/Users/harounalswedany/.m2/repository/org/seleniumhq/selenium/selenium-remote-driver/4.15.0/selenium-remote-driver-4.15.0.jar:/Users/harounalswedany/.m2/repository/io/opentelemetry/opentelemetry-api/1.28.0/opentelemetry-api-1.28.0.jar:/Users/harounalswedany/.m2/repository/io/opentelemetry/opentelemetry-context/1.28.0/opentelemetry-context-1.28.0.jar:/Users/harounalswedany/.m2/repository/io/opentelemetry/opentelemetry-exporter-logging/1.28.0/opentelemetry-exporter-logging-1.28.0.jar:/Users/harounalswedany/.m2/repository/io/opentelemetry/opentelemetry-sdk-metrics/1.28.0/opentelemetry-sdk-metrics-1.28.0.jar:/Users/harounalswedany/.m2/repository/io/opentelemetry/opentelemetry-extension-incubator/1.28.0-alpha/opentelemetry-extension-incubator-1.28.0-alpha.jar:/Users/harounalswedany/.m2/repository/io/opentelemetry/opentelemetry-sdk-logs/1.28.0/opentelemetry-sdk-logs-1.28.0.jar:/Users/harounalswedany/.m2/repository/io/opentelemetry/opentelemetry-sdk-common/1.28.0/opentelemetry-sdk-common-1.28.0.jar:/Users/harounalswedany/.m2/repository/io/opentelemetry/opentelemetry-sdk-extension-autoconfigure-spi/1.28.0/opentelemetry-sdk-extension-autoconfigure-spi-1.28.0.jar:/Users/harounalswedany/.m2/repository/io/opentelemetry/opentelemetry-sdk-extension-autoconfigure/1.28.0/opentelemetry-sdk-extension-autoconfigure-1.28.0.jar:/Users/harounalswedany/.m2/repository/io/opentelemetry/opentelemetry-api-events/1.28.0-alpha/opentelemetry-api-events-1.28.0-alpha.jar:/Users/harounalswedany/.m2/repository/io/opentelemetry/opentelemetry-sdk-trace/1.28.0/opentelemetry-sdk-trace-1.28.0.jar:/Users/harounalswedany/.m2/repository/io/opentelemetry/opentelemetry-sdk/1.28.0/opentelemetry-sdk-1.28.0.jar:/Users/harounalswedany/.m2/repository/io/opentelemetry/opentelemetry-semconv/1.28.0-alpha/opentelemetry-semconv-1.28.0-alpha.jar:/Users/harounalswedany/.m2/repository/net/bytebuddy/byte-buddy/1.14.5/byte-buddy-1.14.5.jar:/Users/harounalswedany/.m2/repository/org/seleniumhq/selenium/selenium-os/4.15.0/selenium-os-4.15.0.jar:/Users/harounalswedany/.m2/repository/org/apache/commons/commons-exec/1.3/commons-exec-1.3.jar:/Users/harounalswedany/.m2/repository/org/seleniumhq/selenium/selenium-safari-driver/4.15.0/selenium-safari-driver-4.15.0.jar:/Users/harounalswedany/.m2/repository/org/seleniumhq/selenium/selenium-support/4.15.0/selenium-support-4.15.0.jar:/Users/harounalswedany/.m2/repository/com/google/guava/guava/32.1.3-jre/guava-32.1.3-jre.jar:/Users/harounalswedany/.m2/repository/com/google/guava/failureaccess/1.0.1/failureaccess-1.0.1.jar:/Users/harounalswedany/.m2/repository/com/google/guava/listenablefuture/9999.0-empty-to-avoid-conflict-with-guava/listenablefuture-9999.0-empty-to-avoid-conflict-with-guava.jar:/Users/harounalswedany/.m2/repository/com/google/code/findbugs/jsr305/3.0.2/jsr305-3.0.2.jar:/Users/harounalswedany/.m2/repository/org/checkerframework/checker-qual/3.37.0/checker-qual-3.37.0.jar:/Users/harounalswedany/.m2/repository/com/google/errorprone/error_prone_annotations/2.21.1/error_prone_annotations-2.21.1.jar:/Users/harounalswedany/.m2/repository/com/google/j2objc/j2objc-annotations/2.8/j2objc-annotations-2.8.jar:/Users/harounalswedany/.m2/repository/org/postgresql/postgresql/42.6.0/postgresql-42.6.0.jar:/Users/harounalswedany/.m2/repository/io/zonky/test/embedded-postgres/2.0.5/embedded-postgres-2.0.5.jar:/Users/harounalswedany/.m2/repository/io/zonky/test/postgres/embedded-postgres-binaries-windows-amd64/16.1.1/embedded-postgres-binaries-windows-amd64-16.1.1.jar:/Users/harounalswedany/.m2/repository/io/zonky/test/postgres/embedded-postgres-binaries-darwin-amd64/16.1.1/embedded-postgres-binaries-darwin-amd64-16.1.1.jar:/Users/harounalswedany/.m2/repository/io/zonky/test/postgres/embedded-postgres-binaries-linux-amd64/16.1.1/embedded-postgres-binaries-linux-amd64-16.1.1.jar:/Users/harounalswedany/.m2/repository/io/zonky/test/postgres/embedded-postgres-binaries-linux-amd64-alpine/16.1.1/embedded-postgres-binaries-linux-amd64-alpine-16.1.1.jar:/Users/harounalswedany/.m2/repository/org/slf4j/slf4j-api/1.7.36/slf4j-api-1.7.36.jar:/Users/harounalswedany/.m2/repository/org/apache/commons/commons-lang3/3.12.0/commons-lang3-3.12.0.jar:/Users/harounalswedany/.m2/repository/org/apache/commons/commons-compress/1.21/commons-compress-1.21.jar:/Users/harounalswedany/.m2/repository/org/tukaani/xz/1.9/xz-1.9.jar:/Users/harounalswedany/.m2/repository/commons-codec/commons-codec/1.15/commons-codec-1.15.jar:/Users/harounalswedany/.m2/repository/org/mockito/mockito-junit-jupiter/5.8.0/mockito-junit-jupiter-5.8.0.jar:/Users/harounalswedany/.m2/repository/org/mockito/mockito-core/5.8.0/mockito-core-5.8.0.jar:/Users/harounalswedany/.m2/repository/net/bytebuddy/byte-buddy-agent/1.14.10/byte-buddy-agent-1.14.10.jar:/Users/harounalswedany/.m2/repository/org/objenesis/objenesis/3.3/objenesis-3.3.jar:/Users/harounalswedany/.m2/repository/org/codehaus/cargo/cargo-core-container-tomcat/1.10.11/cargo-core-container-tomcat-1.10.11.jar:/Users/harounalswedany/.m2/repository/org/codehaus/cargo/cargo-core-api-generic/1.10.11/cargo-core-api-generic-1.10.11.jar:/Users/harounalswedany/.m2/repository/commons-discovery/commons-discovery/0.5/commons-discovery-0.5.jar:/Users/harounalswedany/.m2/repository/commons-logging/commons-logging/1.1.1/commons-logging-1.1.1.jar:/Users/harounalswedany/.m2/repository/org/codehaus/cargo/cargo-core-api-container/1.10.11/cargo-core-api-container-1.10.11.jar:/Users/harounalswedany/.m2/repository/net/java/dev/jna/jna-platform/5.13.0/jna-platform-5.13.0.jar:/Users/harounalswedany/.m2/repository/org/codehaus/cargo/cargo-core-api-module/1.10.11/cargo-core-api-module-1.10.11.jar:/Users/harounalswedany/.m2/repository/jaxen/jaxen/2.0.0/jaxen-2.0.0.jar:/Users/harounalswedany/.m2/repository/org/jdom/jdom2/2.0.6.1/jdom2-2.0.6.1.jar:/Users/harounalswedany/.m2/repository/org/codehaus/cargo/cargo-core-api-util/1.10.11/cargo-core-api-util-1.10.11.jar:/Users/harounalswedany/.m2/repository/org/codehaus/cargo/cargo-licensed-dtds/1.10.11/cargo-licensed-dtds-1.10.11.jar:/Users/harounalswedany/.m2/repository/org/apache/geronimo/specs/geronimo-j2ee-deployment_1.1_spec/1.1/geronimo-j2ee-deployment_1.1_spec-1.1.jar:/Users/harounalswedany/.m2/repository/org/webjars/bootstrap/5.3.2/bootstrap-5.3.2.jar:/Users/harounalswedany/.m2/repository/com/sun/mail/jakarta.mail/2.0.1/jakarta.mail-2.0.1.jar:/Users/harounalswedany/.m2/repository/com/sun/activation/jakarta.activation/2.0.1/jakarta.activation-2.0.1.jar:/Users/harounalswedany/.m2/repository/io/github/bonigarcia/webdrivermanager/5.6.2/webdrivermanager-5.6.2.jar:/Users/harounalswedany/.m2/repository/com/google/code/gson/gson/2.10.1/gson-2.10.1.jar:/Users/harounalswedany/.m2/repository/com/github/docker-java/docker-java/3.3.4/docker-java-3.3.4.jar:/Users/harounalswedany/.m2/repository/com/github/docker-java/docker-java-core/3.3.4/docker-java-core-3.3.4.jar:/Users/harounalswedany/.m2/repository/com/github/docker-java/docker-java-api/3.3.4/docker-java-api-3.3.4.jar:/Users/harounalswedany/.m2/repository/org/bouncycastle/bcpkix-jdk18on/1.76/bcpkix-jdk18on-1.76.jar:/Users/harounalswedany/.m2/repository/org/bouncycastle/bcprov-jdk18on/1.76/bcprov-jdk18on-1.76.jar:/Users/harounalswedany/.m2/repository/org/bouncycastle/bcutil-jdk18on/1.76/bcutil-jdk18on-1.76.jar:/Users/harounalswedany/.m2/repository/org/slf4j/jcl-over-slf4j/1.7.30/jcl-over-slf4j-1.7.30.jar:/Users/harounalswedany/.m2/repository/com/github/docker-java/docker-java-transport-httpclient5/3.3.4/docker-java-transport-httpclient5-3.3.4.jar:/Users/harounalswedany/.m2/repository/com/github/docker-java/docker-java-transport/3.3.4/docker-java-transport-3.3.4.jar:/Users/harounalswedany/.m2/repository/net/java/dev/jna/jna/5.13.0/jna-5.13.0.jar:/Users/harounalswedany/.m2/repository/org/brotli/dec/0.1.2/dec-0.1.2.jar:/Users/harounalswedany/.m2/repository/org/apache/httpcomponents/client5/httpclient5/5.2.1/httpclient5-5.2.1.jar:/Users/harounalswedany/.m2/repository/org/apache/httpcomponents/core5/httpcore5/5.2/httpcore5-5.2.jar:/Users/harounalswedany/.m2/repository/org/apache/httpcomponents/core5/httpcore5-h2/5.2/httpcore5-h2-5.2.jar:/Users/harounalswedany/.m2/repository/com/github/spotbugs/spotbugs-annotations/4.8.2/spotbugs-annotations-4.8.2.jar:/Users/harounalswedany/.m2/repository/org/jsoup/jsoup/1.17.1/jsoup-1.17.1.jar:/Users/harounalswedany/.m2/repository/org/webjars/jquery/3.7.1/jquery-3.7.1.jar:/Users/harounalswedany/.m2/repository/org/webjars/popper.js/1.12.9-1/popper.js-1.12.9-1.jar:/Users/harounalswedany/.m2/repository/org/webjars/font-awesome/6.5.1/font-awesome-6.5.1.jar:/Users/harounalswedany/.m2/repository/org/jsmart/zerocode-tdd-jupiter/1.3.35/zerocode-tdd-jupiter-1.3.35.jar:/Users/harounalswedany/.m2/repository/org/jsmart/zerocode-tdd/1.3.35/zerocode-tdd-1.3.35.jar:/Users/harounalswedany/.m2/repository/com/fasterxml/jackson/dataformat/jackson-dataformat-yaml/2.9.8/jackson-dataformat-yaml-2.9.8.jar:/Users/harounalswedany/.m2/repository/org/yaml/snakeyaml/1.23/snakeyaml-1.23.jar:/Users/harounalswedany/.m2/repository/com/univocity/univocity-parsers/2.8.2/univocity-parsers-2.8.2.jar:/Users/harounalswedany/.m2/repository/com/fasterxml/jackson/dataformat/jackson-dataformat-csv/2.9.8/jackson-dataformat-csv-2.9.8.jar:/Users/harounalswedany/.m2/repository/ch/qos/logback/logback-classic/1.0.7/logback-classic-1.0.7.jar:/Users/harounalswedany/.m2/repository/ch/qos/logback/logback-core/1.0.7/logback-core-1.0.7.jar:/Users/harounalswedany/.m2/repository/commons-lang/commons-lang/2.6/commons-lang-2.6.jar:/Users/harounalswedany/.m2/repository/com/google/inject/guice/4.0/guice-4.0.jar:/Users/harounalswedany/.m2/repository/javax/inject/javax.inject/1/javax.inject-1.jar:/Users/harounalswedany/.m2/repository/aopalliance/aopalliance/1.0/aopalliance-1.0.jar:/Users/harounalswedany/.m2/repository/com/fasterxml/jackson/core/jackson-annotations/2.10.0/jackson-annotations-2.10.0.jar:/Users/harounalswedany/.m2/repository/com/fasterxml/jackson/core/jackson-core/2.10.0/jackson-core-2.10.0.jar:/Users/harounalswedany/.m2/repository/com/fasterxml/jackson/core/jackson-databind/2.10.0/jackson-databind-2.10.0.jar:/Users/harounalswedany/.m2/repository/com/google/protobuf/protobuf-java/3.13.0/protobuf-java-3.13.0.jar:/Users/harounalswedany/.m2/repository/com/google/protobuf/protobuf-java-util/3.13.0/protobuf-java-util-3.13.0.jar:/Users/harounalswedany/.m2/repository/org/junit/vintage/junit-vintage-engine/5.10.1/junit-vintage-engine-5.10.1.jar:/Users/harounalswedany/.m2/repository/junit/junit/4.13.2/junit-4.13.2.jar:/Users/harounalswedany/.m2/repository/org/hamcrest/hamcrest-core/1.3/hamcrest-core-1.3.jar:/Users/harounalswedany/.m2/repository/org/junit/platform/junit-platform-runner/1.10.1/junit-platform-runner-1.10.1.jar:/Users/harounalswedany/.m2/repository/commons-io/commons-io/2.15.1/commons-io-2.15.1.jar:"/>
    <property name="sun.cpu.endian" value="little"/>
    <property name="user.home" value="/Users/harounalswedany"/>
    <property name="user.language" value="de"/>
    <property name="java.specification.vendor" value="Oracle Corporation"/>
    <property name="java.version.date" value="2023-10-17"/>
    <property name="java.home" value="/Users/harounalswedany/Library/Java/JavaVirtualMachines/openjdk-21.0.1/Contents/Home"/>
    <property name="file.separator" value="/"/>
    <property name="basedir" value="/Users/harounalswedany/SEP24/software-sherlock"/>
    <property name="java.vm.compressedOopsMode" value="Zero based"/>
    <property name="line.separator" value="&#10;"/>
    <property name="java.vm.specification.vendor" value="Oracle Corporation"/>
    <property name="java.specification.name" value="Java Platform API Specification"/>
    <property name="apple.awt.application.name" value="ForkedBooter"/>
    <property name="surefire.real.class.path" value="/Users/harounalswedany/SEP24/software-sherlock/target/surefire/surefirebooter-20240125192411553_3.jar"/>
    <property name="sun.management.compiler" value="HotSpot 64-Bit Tiered Compilers"/>
    <property name="java.runtime.version" value="21.0.1+12-29"/>
    <property name="user.name" value="harounalswedany"/>
    <property name="stdout.encoding" value="UTF-8"/>
    <property name="path.separator" value=":"/>
    <property name="os.version" value="14.0"/>
    <property name="java.runtime.name" value="OpenJDK Runtime Environment"/>
    <property name="file.encoding" value="UTF-8"/>
    <property name="java.vm.name" value="OpenJDK 64-Bit Server VM"/>
    <property name="localRepository" value="/Users/harounalswedany/.m2/repository"/>
    <property name="java.vendor.url.bug" value="https://bugreport.java.com/bugreport/"/>
    <property name="java.io.tmpdir" value="/var/folders/bs/6td37l9103z7_dnzqm1qzcm40000gn/T/"/>
    <property name="idea.version" value="2023.1"/>
    <property name="java.version" value="21.0.1"/>
    <property name="user.dir" value="/Users/harounalswedany/SEP24/software-sherlock"/>
    <property name="os.arch" value="aarch64"/>
    <property name="java.vm.specification.name" value="Java Virtual Machine Specification"/>
    <property name="native.encoding" value="UTF-8"/>
    <property name="java.library.path" value="/Users/harounalswedany/Library/Java/Extensions:/Library/Java/Extensions:/Network/Library/Java/Extensions:/System/Library/Java/Extensions:/usr/lib/java:."/>
    <property name="java.vm.info" value="mixed mode, sharing"/>
    <property name="stderr.encoding" value="UTF-8"/>
    <property name="java.vendor" value="Oracle Corporation"/>
    <property name="java.vm.version" value="21.0.1+12-29"/>
    <property name="sun.io.unicode.encoding" value="UnicodeBig"/>
    <property name="java.class.version" value="65.0"/>
  </properties>
  <testcase name="testSubmitTestate" classname="de.ssherlock.system_tests.ui.facelets.TestateUITest" time="0.0">
    <skipped message="class de.ssherlock.system_tests.ui.facelets.TestateUITest is @Disabled"/>
  </testcase>
  <testcase name="testCommentValidators" classname="de.ssherlock.system_tests.ui.facelets.TestateUITest" time="0.0">
    <skipped message="class de.ssherlock.system_tests.ui.facelets.TestateUITest is @Disabled"/>
  </testcase>
  <testcase name="testGradeValidators" classname="de.ssherlock.system_tests.ui.facelets.TestateUITest" time="0.0">
    <skipped message="class de.ssherlock.system_tests.ui.facelets.TestateUITest is @Disabled"/>
  </testcase>
  <testcase name="testDownloadCode" classname="de.ssherlock.system_tests.ui.facelets.TestateUITest" time="0.0">
    <skipped message="class de.ssherlock.system_tests.ui.facelets.TestateUITest is @Disabled"/>
  </testcase>
</testsuite>